<?xml version="1.0" encoding="UTF-8"?>
<testng-results skipped="0" failed="0" total="2" passed="2">
  <reporter-output>
  </reporter-output>
  <suite name="Surefire suite" duration-ms="34075" started-at="2019-09-18T17:16:58Z" finished-at="2019-09-18T17:17:33Z">
    <groups>
    </groups>
    <test name="Surefire test" duration-ms="34075" started-at="2019-09-18T17:16:58Z" finished-at="2019-09-18T17:17:33Z">
      <class name="DesignPattern.FreeCrm">
        <test-method status="PASS" signature="setUp()[pri:0, instance:DesignPattern.FreeCrm@180bc464]" name="setUp" is-config="true" duration-ms="17516" started-at="2019-09-18T13:16:58Z" finished-at="2019-09-18T13:17:16Z">
          <reporter-output>
          </reporter-output>
        </test-method> <!-- setUp -->
        <test-method status="PASS" signature="verifyFreeCrmTitleTest()[pri:0, instance:DesignPattern.FreeCrm@180bc464]" name="verifyFreeCrmTitleTest" duration-ms="35" started-at="2019-09-18T13:17:16Z" finished-at="2019-09-18T13:17:16Z">
          <reporter-output>
          </reporter-output>
        </test-method> <!-- verifyFreeCrmTitleTest -->
        <test-method status="PASS" signature="tearDown()[pri:0, instance:DesignPattern.FreeCrm@180bc464]" name="tearDown" is-config="true" duration-ms="1491" started-at="2019-09-18T13:17:16Z" finished-at="2019-09-18T13:17:18Z">
          <reporter-output>
          </reporter-output>
        </test-method> <!-- tearDown -->
        <test-method status="PASS" signature="setUp()[pri:0, instance:DesignPattern.FreeCrm@180bc464]" name="setUp" is-config="true" duration-ms="13874" started-at="2019-09-18T13:17:18Z" finished-at="2019-09-18T13:17:31Z">
          <reporter-output>
          </reporter-output>
        </test-method> <!-- setUp -->
        <test-method status="PASS" signature="logoTest()[pri:0, instance:DesignPattern.FreeCrm@180bc464]" name="logoTest" duration-ms="89" started-at="2019-09-18T13:17:31Z" finished-at="2019-09-18T13:17:31Z">
          <reporter-output>
          </reporter-output>
        </test-method> <!-- logoTest -->
        <test-method status="PASS" signature="tearDown()[pri:0, instance:DesignPattern.FreeCrm@180bc464]" name="tearDown" is-config="true" duration-ms="1043" started-at="2019-09-18T13:17:31Z" finished-at="2019-09-18T13:17:33Z">
          <reporter-output>
          </reporter-output>
        </test-method> <!-- tearDown -->
      </class> <!-- DesignPattern.FreeCrm -->
    </test> <!-- Surefire test -->
  </suite> <!-- Surefire suite -->
</testng-results>
