<?xml version="1.0" encoding="UTF-8"?>
<testng-results skipped="0" failed="0" ignored="0" total="2" passed="2">
  <reporter-output>
  </reporter-output>
  <suite name="Default suite" duration-ms="42388" started-at="2020-01-04T14:59:18 EST" finished-at="2020-01-04T15:00:01 EST">
    <groups>
    </groups>
    <test name="Default test" duration-ms="42388" started-at="2020-01-04T14:59:18 EST" finished-at="2020-01-04T15:00:01 EST">
      <class name="DesignPattern.FreeCrm">
        <test-method status="PASS" signature="setUp()[pri:0, instance:DesignPattern.FreeCrm@133e16fd]" name="setUp" is-config="true" duration-ms="23484" started-at="2020-01-04T14:59:18 EST" finished-at="2020-01-04T14:59:42 EST">
          <reporter-output>
          </reporter-output>
        </test-method> <!-- setUp -->
        <test-method status="PASS" signature="verifyFreeCrmTitleTest()[pri:1, instance:DesignPattern.FreeCrm@133e16fd]" name="verifyFreeCrmTitleTest" duration-ms="47" started-at="2020-01-04T14:59:42 EST" finished-at="2020-01-04T14:59:42 EST">
          <reporter-output>
          </reporter-output>
        </test-method> <!-- verifyFreeCrmTitleTest -->
        <test-method status="PASS" signature="tearDown()[pri:0, instance:DesignPattern.FreeCrm@133e16fd]" name="tearDown" is-config="true" duration-ms="1958" started-at="2020-01-04T14:59:42 EST" finished-at="2020-01-04T14:59:44 EST">
          <reporter-output>
          </reporter-output>
        </test-method> <!-- tearDown -->
        <test-method status="PASS" signature="setUp()[pri:0, instance:DesignPattern.FreeCrm@133e16fd]" name="setUp" is-config="true" duration-ms="15210" started-at="2020-01-04T14:59:44 EST" finished-at="2020-01-04T14:59:59 EST">
          <reporter-output>
          </reporter-output>
        </test-method> <!-- setUp -->
        <test-method status="PASS" signature="logoTest()[pri:2, instance:DesignPattern.FreeCrm@133e16fd]" name="logoTest" duration-ms="151" started-at="2020-01-04T14:59:59 EST" finished-at="2020-01-04T14:59:59 EST">
          <reporter-output>
          </reporter-output>
        </test-method> <!-- logoTest -->
        <test-method status="PASS" signature="tearDown()[pri:0, instance:DesignPattern.FreeCrm@133e16fd]" name="tearDown" is-config="true" duration-ms="1437" started-at="2020-01-04T14:59:59 EST" finished-at="2020-01-04T15:00:01 EST">
          <reporter-output>
          </reporter-output>
        </test-method> <!-- tearDown -->
      </class> <!-- DesignPattern.FreeCrm -->
    </test> <!-- Default test -->
  </suite> <!-- Default suite -->
</testng-results>
