<?xml version="1.0" encoding="UTF-8"?>
<testng-results skipped="0" failed="0" ignored="0" total="2" passed="2">
  <reporter-output>
  </reporter-output>
  <suite name="Suite" duration-ms="37143" started-at="2020-01-04T15:46:09 EST" finished-at="2020-01-04T15:46:46 EST">
    <groups>
    </groups>
    <test name="Test" duration-ms="37143" started-at="2020-01-04T15:46:09 EST" finished-at="2020-01-04T15:46:46 EST">
      <class name="DesignPattern.FreeCrm">
        <test-method status="PASS" signature="setUp()[pri:0, instance:DesignPattern.FreeCrm@133e16fd]" name="setUp" is-config="true" duration-ms="19001" started-at="2020-01-04T15:46:09 EST" finished-at="2020-01-04T15:46:28 EST">
          <reporter-output>
          </reporter-output>
        </test-method> <!-- setUp -->
        <test-method status="PASS" signature="verifyFreeCrmTitleTest()[pri:1, instance:DesignPattern.FreeCrm@133e16fd]" name="verifyFreeCrmTitleTest" duration-ms="39" started-at="2020-01-04T15:46:28 EST" finished-at="2020-01-04T15:46:28 EST">
          <reporter-output>
          </reporter-output>
        </test-method> <!-- verifyFreeCrmTitleTest -->
        <test-method status="PASS" signature="tearDown()[pri:0, instance:DesignPattern.FreeCrm@133e16fd]" name="tearDown" is-config="true" duration-ms="1762" started-at="2020-01-04T15:46:28 EST" finished-at="2020-01-04T15:46:30 EST">
          <reporter-output>
          </reporter-output>
        </test-method> <!-- tearDown -->
        <test-method status="PASS" signature="setUp()[pri:0, instance:DesignPattern.FreeCrm@133e16fd]" name="setUp" is-config="true" duration-ms="14790" started-at="2020-01-04T15:46:30 EST" finished-at="2020-01-04T15:46:45 EST">
          <reporter-output>
          </reporter-output>
        </test-method> <!-- setUp -->
        <test-method status="PASS" signature="logoTest()[pri:2, instance:DesignPattern.FreeCrm@133e16fd]" name="logoTest" duration-ms="102" started-at="2020-01-04T15:46:45 EST" finished-at="2020-01-04T15:46:45 EST">
          <reporter-output>
          </reporter-output>
        </test-method> <!-- logoTest -->
        <test-method status="PASS" signature="tearDown()[pri:0, instance:DesignPattern.FreeCrm@133e16fd]" name="tearDown" is-config="true" duration-ms="1346" started-at="2020-01-04T15:46:45 EST" finished-at="2020-01-04T15:46:46 EST">
          <reporter-output>
          </reporter-output>
        </test-method> <!-- tearDown -->
      </class> <!-- DesignPattern.FreeCrm -->
    </test> <!-- Test -->
  </suite> <!-- Suite -->
</testng-results>
